mode: set
github.com/yeboahd24/auth-activate/handlers/auth.go:21.90,27.2 1 1
github.com/yeboahd24/auth-activate/handlers/auth.go:29.46,31.48 2 1
github.com/yeboahd24/auth-activate/handlers/auth.go:31.48,34.3 2 0
github.com/yeboahd24/auth-activate/handlers/auth.go:37.2,37.57 1 1
github.com/yeboahd24/auth-activate/handlers/auth.go:37.57,40.3 2 1
github.com/yeboahd24/auth-activate/handlers/auth.go:43.2,43.25 1 1
github.com/yeboahd24/auth-activate/handlers/auth.go:43.25,46.3 2 1
github.com/yeboahd24/auth-activate/handlers/auth.go:49.2,50.87 2 1
github.com/yeboahd24/auth-activate/handlers/auth.go:50.87,53.3 2 0
github.com/yeboahd24/auth-activate/handlers/auth.go:55.2,56.16 2 1
github.com/yeboahd24/auth-activate/handlers/auth.go:56.16,59.3 2 0
github.com/yeboahd24/auth-activate/handlers/auth.go:61.2,65.49 4 1
github.com/yeboahd24/auth-activate/handlers/auth.go:65.49,68.3 2 0
github.com/yeboahd24/auth-activate/handlers/auth.go:70.2,72.121 2 1
github.com/yeboahd24/auth-activate/handlers/auth.go:75.48,79.85 3 0
github.com/yeboahd24/auth-activate/handlers/auth.go:79.85,82.3 2 0
github.com/yeboahd24/auth-activate/handlers/auth.go:84.2,86.47 3 0
github.com/yeboahd24/auth-activate/handlers/auth.go:86.47,89.3 2 0
github.com/yeboahd24/auth-activate/handlers/auth.go:91.2,91.75 1 0
github.com/yeboahd24/auth-activate/handlers/auth.go:94.45,100.42 2 0
github.com/yeboahd24/auth-activate/handlers/auth.go:100.42,103.3 2 0
github.com/yeboahd24/auth-activate/handlers/auth.go:105.2,105.53 1 0
github.com/yeboahd24/auth-activate/handlers/auth.go:105.53,108.3 2 0
github.com/yeboahd24/auth-activate/handlers/auth.go:110.2,111.84 2 0
github.com/yeboahd24/auth-activate/handlers/auth.go:111.84,114.3 2 0
github.com/yeboahd24/auth-activate/handlers/auth.go:116.2,116.20 1 0
github.com/yeboahd24/auth-activate/handlers/auth.go:116.20,119.3 2 0
github.com/yeboahd24/auth-activate/handlers/auth.go:121.2,121.105 1 0
github.com/yeboahd24/auth-activate/handlers/auth.go:121.105,124.3 2 0
github.com/yeboahd24/auth-activate/handlers/auth.go:126.2,128.47 3 0
github.com/yeboahd24/auth-activate/handlers/auth.go:128.47,131.3 2 0
github.com/yeboahd24/auth-activate/handlers/auth.go:133.2,135.67 2 0
github.com/yeboahd24/auth-activate/handlers/auth.go:138.49,144.49 2 0
github.com/yeboahd24/auth-activate/handlers/auth.go:144.49,147.3 2 0
github.com/yeboahd24/auth-activate/handlers/auth.go:149.2,150.103 2 0
github.com/yeboahd24/auth-activate/handlers/auth.go:150.103,153.3 2 0
github.com/yeboahd24/auth-activate/handlers/auth.go:155.2,156.47 2 0
github.com/yeboahd24/auth-activate/handlers/auth.go:156.47,159.3 2 0
github.com/yeboahd24/auth-activate/handlers/auth.go:162.2,163.16 2 0
github.com/yeboahd24/auth-activate/handlers/auth.go:163.16,166.3 2 0
github.com/yeboahd24/auth-activate/handlers/auth.go:168.2,168.46 1 0
github.com/yeboahd24/auth-activate/handlers/auth.go:171.52,174.13 2 0
github.com/yeboahd24/auth-activate/handlers/auth.go:174.13,177.3 2 0
github.com/yeboahd24/auth-activate/handlers/auth.go:180.2,181.16 2 0
github.com/yeboahd24/auth-activate/handlers/auth.go:181.16,184.3 2 0
github.com/yeboahd24/auth-activate/handlers/auth.go:186.2,186.46 1 0
github.com/yeboahd24/auth-activate/handlers/auth.go:190.38,194.2 1 0
